<?xml version="1.0" encoding="UTF-8"?>
<!-- Generated by org.testng.reporters.JUnitReportReporter -->
<testsuite hostname="DESKTOP-719K3UV" name="com.practice.nidhi.AutomationTesting.testNGDemo" tests="4" failures="0" timestamp="27 May 2019 21:49:22 GMT" time="0.016" errors="0">
  <testcase name="a2" time="0.003" classname="com.practice.nidhi.AutomationTesting.testNGDemo"/>
  <testcase name="a4" time="0.002" classname="com.practice.nidhi.AutomationTesting.testNGDemo"/>
  <testcase name="a3" time="0.002" classname="com.practice.nidhi.AutomationTesting.testNGDemo"/>
  <testcase name="a1" time="0.009" classname="com.practice.nidhi.AutomationTesting.testNGDemo"/>
</testsuite> <!-- com.practice.nidhi.AutomationTesting.testNGDemo -->
