<?xml version="1.0" encoding="UTF-8"?>
<!-- Generated by org.testng.reporters.JUnitReportReporter -->
<testsuite hostname="DESKTOP-719K3UV" name="com.practice.nidhi.TestSuit.DataProviderEx" tests="2" failures="0" timestamp="27 May 2019 23:38:46 GMT" time="18.303" errors="0">
  <testcase name="f" time="9.905" classname="com.practice.nidhi.TestSuit.DataProviderEx"/>
  <testcase name="f" time="8.398" classname="com.practice.nidhi.TestSuit.DataProviderEx"/>
</testsuite> <!-- com.practice.nidhi.TestSuit.DataProviderEx -->
