<?xml version="1.0" encoding="UTF-8"?>
<!-- Generated by org.testng.reporters.JUnitReportReporter -->
<testsuite hostname="DESKTOP-719K3UV" name="com.practice.nidhi.AutomationTesting.testNGpriorty" tests="4" failures="0" timestamp="27 May 2019 22:05:53 GMT" time="0.024" errors="0">
  <testcase name="a3" time="0.003" classname="com.practice.nidhi.AutomationTesting.testNGpriorty"/>
  <testcase name="a4" time="0.004" classname="com.practice.nidhi.AutomationTesting.testNGpriorty"/>
  <testcase name="a1" time="0.006" classname="com.practice.nidhi.AutomationTesting.testNGpriorty"/>
  <testcase name="a2" time="0.011" classname="com.practice.nidhi.AutomationTesting.testNGpriorty"/>
</testsuite> <!-- com.practice.nidhi.AutomationTesting.testNGpriorty -->
