<?xml version="1.0" encoding="UTF-8"?>
<!-- Generated by org.testng.reporters.JUnitReportReporter -->
<testsuite hostname="DESKTOP-719K3UV" name="com.practice.nidhi.TestSuit.Class2" tests="1" failures="0" timestamp="12 Jun 2019 21:04:14 GMT" time="8.560" errors="0">
  <testcase name="f" time="8.560" classname="com.practice.nidhi.TestSuit.Class2"/>
</testsuite> <!-- com.practice.nidhi.TestSuit.Class2 -->
